<?xml version="1.0" encoding="UTF-8"?>
<!-- Generated by org.testng.reporters.JUnitReportReporter -->
<testsuite hostname="Akarshak" failures="0" tests="3" name="RahulShethyAcademy.SeleniumFrameworkDesign.StandAloneTest" time="54.118" errors="0" timestamp="2024-04-27T16:04:57 IST" skipped="0">
  <testcase classname="RahulShethyAcademy.SeleniumFrameworkDesign.StandAloneTest" name="submitOrder" time="29.033"/>
  <system-out/>
  <testcase classname="RahulShethyAcademy.SeleniumFrameworkDesign.StandAloneTest" name="submitOrder" time="17.883"/>
  <system-out/>
  <testcase classname="RahulShethyAcademy.SeleniumFrameworkDesign.StandAloneTest" name="orderHistoryValidation" time="7.202"/>
  <system-out/>
</testsuite> <!-- RahulShethyAcademy.SeleniumFrameworkDesign.StandAloneTest -->
