<?xml version="1.0" encoding="UTF-8"?>
<!-- Generated by org.testng.reporters.JUnitReportReporter -->
<testsuite hostname="Akarshak" failures="0" tests="2" name="RahulShethyAcademy.SeleniumFrameworkDesign.ErrorValidation" time="33.301" errors="0" timestamp="2024-04-27T16:04:57 IST" skipped="0">
  <testcase classname="RahulShethyAcademy.SeleniumFrameworkDesign.ErrorValidation" name="loginErrorValidation" time="15.933"/>
  <system-out/>
  <testcase classname="RahulShethyAcademy.SeleniumFrameworkDesign.ErrorValidation" name="productErrorValidation" time="17.368"/>
  <system-out/>
</testsuite> <!-- RahulShethyAcademy.SeleniumFrameworkDesign.ErrorValidation -->
