<?xml version="1.0" encoding="UTF-8"?>
<!-- Generated by org.testng.reporters.JUnitReportReporter -->
<testsuite hostname="Akarshak" failures="0" tests="3" name="RahulShethyAcademy.SeleniumFrameworkDesign.StandAloneTest" time="75.757" errors="0" timestamp="2024-04-27T15:47:52 IST" skipped="0">
  <testcase classname="RahulShethyAcademy.SeleniumFrameworkDesign.StandAloneTest" name="orderHistoryValidation" time="8.089"/>
  <system-out/>
  <testcase classname="RahulShethyAcademy.SeleniumFrameworkDesign.StandAloneTest" name="submitOrder" time="51.588"/>
  <system-out/>
  <testcase classname="RahulShethyAcademy.SeleniumFrameworkDesign.StandAloneTest" name="submitOrder" time="16.080"/>
  <system-out/>
</testsuite> <!-- RahulShethyAcademy.SeleniumFrameworkDesign.StandAloneTest -->
